  Calendar.cpp
C:\Program Files\FinalProject\FinalProjectL\FinalProject\TextBox.h(7,28): warning C4584: TextBox: базовый класс "sf::Drawable" уже является базовым классом для "sf::RectangleShape"
C:\Program Files\FinalProject\SFML-2.6.1\include\SFML\Graphics\RenderTarget.hpp(45,7): message : см. объявление "sf::Drawable"
C:\Program Files\FinalProject\SFML-2.6.1\include\SFML\Graphics\RectangleShape.hpp(41,25): message : см. объявление "sf::RectangleShape"
C:\Program Files\FinalProject\FinalProjectL\FinalProject\Calendar.cpp(95,120): warning C4244: аргумент: преобразование "int" в "T", возможна потеря данных
          with
          [
              T=float
          ]
C:\Program Files\FinalProject\FinalProjectL\FinalProject\Calendar.cpp(95,106): warning C4244: аргумент: преобразование "int" в "T", возможна потеря данных
          with
          [
              T=float
          ]
C:\Program Files\FinalProject\FinalProjectL\FinalProject\Calendar.cpp(116,109): warning C4244: аргумент: преобразование "int" в "T", возможна потеря данных
          with
          [
              T=float
          ]
C:\Program Files\FinalProject\FinalProjectL\FinalProject\Calendar.cpp(119,109): warning C4244: аргумент: преобразование "int" в "T", возможна потеря данных
          with
          [
              T=float
          ]
  FinalProject.cpp
C:\Program Files\FinalProject\FinalProjectL\FinalProject\TextBox.h(7,28): warning C4584: TextBox: базовый класс "sf::Drawable" уже является базовым классом для "sf::RectangleShape"
C:\Program Files\FinalProject\SFML-2.6.1\include\SFML\Graphics\RenderTarget.hpp(45,7): message : см. объявление "sf::Drawable"
C:\Program Files\FinalProject\SFML-2.6.1\include\SFML\Graphics\RectangleShape.hpp(41,25): message : см. объявление "sf::RectangleShape"
C:\Program Files\FinalProject\FinalProjectL\FinalProject\FinalProject.cpp(30,57): warning C4244: аргумент: преобразование "T" в "T", возможна потеря данных
          with
          [
              T=unsigned int
          ]
          and
          [
              T=float
          ]
  SideMenu.cpp
C:\Program Files\FinalProject\FinalProjectL\FinalProject\TextBox.h(7,28): warning C4584: TextBox: базовый класс "sf::Drawable" уже является базовым классом для "sf::RectangleShape"
C:\Program Files\FinalProject\SFML-2.6.1\include\SFML\Graphics\RenderTarget.hpp(45,7): message : см. объявление "sf::Drawable"
C:\Program Files\FinalProject\SFML-2.6.1\include\SFML\Graphics\RectangleShape.hpp(41,25): message : см. объявление "sf::RectangleShape"
  SystemTime.cpp
C:\Program Files\FinalProject\FinalProjectL\FinalProject\SystemTime.cpp(79,24): warning C4101: timeZoneInfo: неиспользованная локальная переменная
  TextBox.cpp
C:\Program Files\FinalProject\FinalProjectL\FinalProject\TextBox.h(7,28): warning C4584: TextBox: базовый класс "sf::Drawable" уже является базовым классом для "sf::RectangleShape"
C:\Program Files\FinalProject\SFML-2.6.1\include\SFML\Graphics\RenderTarget.hpp(45,7): message : см. объявление "sf::Drawable"
C:\Program Files\FinalProject\SFML-2.6.1\include\SFML\Graphics\RectangleShape.hpp(41,25): message : см. объявление "sf::RectangleShape"
  settings.cpp
  Создание кода
  54 of 326 functions (16.6%) were compiled, the rest were copied from previous compilation.
    0 functions were new in current compilation
    1 functions had inline decision re-evaluated but remain unchanged
  Создание кода завершено
settings.obj : warning LNK4020: запись типа в "" повреждена; некоторые символы и типы могут быть недоступными из отладчика
SystemTime.obj : warning LNK4020: запись типа в "" повреждена; некоторые символы и типы могут быть недоступными из отладчика
SystemTime.obj : warning LNK4020: запись типа в "" повреждена; некоторые символы и типы могут быть недоступными из отладчика
TextBox.obj : warning LNK4020: запись типа в "" повреждена; некоторые символы и типы могут быть недоступными из отладчика
TextBox.obj : warning LNK4020: запись типа в "" повреждена; некоторые символы и типы могут быть недоступными из отладчика
sfml-system.lib(sfml-system-2.dll) : warning LNK4020: запись типа в "" повреждена; некоторые символы и типы могут быть недоступными из отладчика
  FinalProject.vcxproj -> C:\Program Files\FinalProject\FinalProjectL\x64\Release\FinalProject.exe
